2026-02-16 19:29:46,352 - aqt.main - INFO - installer 129535424610432 aqtinstall(aqt) v3.3.0 on Python 3.12.3 [CPython GCC 13.3.0]
2026-02-16 19:29:46,353 - aqt.helper - DEBUG - helper 129535424610432 Attempt to download checksum at https://download.qt.io/online/qtsdkrepository/linux_x64/desktop/qt6_658/Updates.xml.sha256
2026-02-16 19:29:46,850 - aqt.helper - DEBUG - helper 129535424610432 Attempt to download checksum at https://download.qt.io/online/qtsdkrepository/linux_x64/desktop/qt6_658/Updates.xml.sha256
2026-02-16 19:29:47,357 - aqt.helper - DEBUG - helper 129535424610432 Attempt to download checksum at https://download.qt.io/online/qtsdkrepository/linux_x64/desktop/qt6_658/Updates.xml.sha256
2026-02-16 19:29:47,852 - aqt.helper - DEBUG - helper 129535424610432 Attempt to download checksum at https://download.qt.io/online/qtsdkrepository/linux_x64/desktop/qt6_658/Updates.xml.sha256
2026-02-16 19:29:48,349 - aqt.helper - DEBUG - helper 129535424610432 Attempt to download checksum at https://download.qt.io/online/qtsdkrepository/linux_x64/desktop/qt6_658/Updates.xml.sha256
2026-02-16 19:29:48,843 - aqt.archives - WARNING - archives 129535424610432 Failed to download checksum for the file 'online/qtsdkrepository/linux_x64/desktop/qt6_658/Updates.xml'. This may happen on unofficial mirrors.
2026-02-16 19:29:49,353 - aqt.main - ERROR - installer 129535424610432 Failed to locate XML data for Qt version '6.5.8'.
==============================Suggested follow-up:==============================
* Please use 'aqt list-qt linux desktop' to show versions available.
2026-02-16 19:40:21,736 - aqt.main - INFO - installer 138949375545472 aqtinstall(aqt) v3.3.0 on Python 3.12.3 [CPython GCC 13.3.0]
2026-02-16 19:40:21,736 - aqt.helper - DEBUG - helper 138949375545472 Attempt to download checksum at https://download.qt.io/online/qtsdkrepository/linux_x64/desktop/qt6_6110/qt6_6110/Updates.xml.sha256
2026-02-16 19:40:22,753 - aqt.helper - DEBUG - helper 138949375545472 Attempt to download checksum at https://download.qt.io/online/qtsdkrepository/linux_x64/extensions/qtwebengine/6110/x86_64/Updates.xml.sha256
2026-02-16 19:40:23,763 - aqt.archives - INFO - archives 138949375545472 Found extension qtwebengine
2026-02-16 19:40:23,764 - aqt.helper - DEBUG - helper 138949375545472 Attempt to download checksum at https://download.qt.io/online/qtsdkrepository/linux_x64/extensions/qtpdf/6110/x86_64/Updates.xml.sha256
2026-02-16 19:40:24,774 - aqt.archives - INFO - archives 138949375545472 Found extension qtpdf
2026-02-16 19:40:24,777 - aqt.main - ERROR - installer 138949375545472 The packages ['qt_base'] were not found while parsing XML of package information!
==============================Suggested follow-up:==============================
* Please use 'aqt list-qt linux desktop --arch 6.11.0' to show architectures available.
2026-02-16 19:41:25,872 - aqt.helper - DEBUG - helper 136086656540800 Attempt to download checksum at https://download.qt.io/online/qtsdkrepository/linux_x64/desktop/qt6_6110/qt6_6110/Updates.xml.sha256
2026-02-16 19:41:53,148 - aqt.main - INFO - installer 127627355213952 aqtinstall(aqt) v3.3.0 on Python 3.12.3 [CPython GCC 13.3.0]
2026-02-16 19:41:53,149 - aqt.helper - DEBUG - helper 127627355213952 Attempt to download checksum at https://download.qt.io/online/qtsdkrepository/linux_x64/desktop/qt6_6110/qt6_6110/Updates.xml.sha256
2026-02-16 19:41:54,165 - aqt.helper - DEBUG - helper 127627355213952 Attempt to download checksum at https://download.qt.io/online/qtsdkrepository/linux_x64/extensions/qtwebengine/6110/x86_64/Updates.xml.sha256
2026-02-16 19:41:55,170 - aqt.archives - INFO - archives 127627355213952 Found extension qtwebengine
2026-02-16 19:41:55,170 - aqt.helper - DEBUG - helper 127627355213952 Attempt to download checksum at https://download.qt.io/online/qtsdkrepository/linux_x64/extensions/qtpdf/6110/x86_64/Updates.xml.sha256
2026-02-16 19:41:56,180 - aqt.archives - INFO - archives 127627355213952 Found extension qtpdf
2026-02-16 19:41:56,372 - aqt.helper - DEBUG - helper 129062247448704 Attempt to download checksum at https://download.qt.io/online/qtsdkrepository/linux_x64/desktop/qt6_6110/qt6_6110/qt.qt6.6110.linux_gcc_64/6.11.0-0-202601120541qtbase-Linux-RHEL_9_6-GCC-Linux-RHEL_9_6-X86_64.7z.sha256
2026-02-16 19:41:56,373 - aqt.helper - DEBUG - helper 126421874835584 Attempt to download checksum at https://download.qt.io/online/qtsdkrepository/linux_x64/desktop/qt6_6110/qt6_6110/qt.qt6.6110.linux_gcc_64/6.11.0-0-202601120541qtsvg-Linux-RHEL_9_6-GCC-Linux-RHEL_9_6-X86_64.7z.sha256
2026-02-16 19:41:56,374 - aqt.helper - DEBUG - helper 133548486586496 Attempt to download checksum at https://download.qt.io/online/qtsdkrepository/linux_x64/desktop/qt6_6110/qt6_6110/qt.qt6.6110.linux_gcc_64/6.11.0-0-202601120541qttools-Linux-RHEL_9_6-GCC-Linux-RHEL_9_6-X86_64.7z.sha256
2026-02-16 19:41:56,374 - aqt.helper - DEBUG - helper 131855691526272 Attempt to download checksum at https://download.qt.io/online/qtsdkrepository/linux_x64/desktop/qt6_6110/qt6_6110/qt.qt6.6110.linux_gcc_64/6.11.0-0-202601120541qtdeclarative-Linux-RHEL_9_6-GCC-Linux-RHEL_9_6-X86_64.7z.sha256
2026-02-16 19:41:56,871 - aqt.helper - INFO - helper 133548486586496 Downloading qttools...
2026-02-16 19:41:56,872 - aqt.installer - DEBUG - installer 133548486586496 Download URL: https://download.qt.io/online/qtsdkrepository/linux_x64/desktop/qt6_6110/qt6_6110/qt.qt6.6110.linux_gcc_64/6.11.0-0-202601120541qttools-Linux-RHEL_9_6-GCC-Linux-RHEL_9_6-X86_64.7z
2026-02-16 19:41:56,873 - aqt.helper - INFO - helper 129062247448704 Downloading qtbase...
2026-02-16 19:41:56,874 - aqt.installer - DEBUG - installer 129062247448704 Download URL: https://download.qt.io/online/qtsdkrepository/linux_x64/desktop/qt6_6110/qt6_6110/qt.qt6.6110.linux_gcc_64/6.11.0-0-202601120541qtbase-Linux-RHEL_9_6-GCC-Linux-RHEL_9_6-X86_64.7z
2026-02-16 19:41:56,876 - aqt.helper - INFO - helper 131855691526272 Downloading qtdeclarative...
2026-02-16 19:41:56,876 - aqt.installer - DEBUG - installer 131855691526272 Download URL: https://download.qt.io/online/qtsdkrepository/linux_x64/desktop/qt6_6110/qt6_6110/qt.qt6.6110.linux_gcc_64/6.11.0-0-202601120541qtdeclarative-Linux-RHEL_9_6-GCC-Linux-RHEL_9_6-X86_64.7z
2026-02-16 19:41:56,889 - aqt.helper - INFO - helper 126421874835584 Downloading qtsvg...
2026-02-16 19:41:56,889 - aqt.installer - DEBUG - installer 126421874835584 Download URL: https://download.qt.io/online/qtsdkrepository/linux_x64/desktop/qt6_6110/qt6_6110/qt.qt6.6110.linux_gcc_64/6.11.0-0-202601120541qtsvg-Linux-RHEL_9_6-GCC-Linux-RHEL_9_6-X86_64.7z
2026-02-16 19:41:57,372 - aqt.helper - DEBUG - helper 129062247448704 Asked to redirect(302) to: https://qt.mirror.constant.com/online/qtsdkrepository/linux_x64/desktop/qt6_6110/qt6_6110/qt.qt6.6110.linux_gcc_64/6.11.0-0-202601120541qtbase-Linux-RHEL_9_6-GCC-Linux-RHEL_9_6-X86_64.7z
2026-02-16 19:41:57,372 - aqt.helper - DEBUG - helper 133548486586496 Asked to redirect(302) to: https://qt.mirror.constant.com/online/qtsdkrepository/linux_x64/desktop/qt6_6110/qt6_6110/qt.qt6.6110.linux_gcc_64/6.11.0-0-202601120541qttools-Linux-RHEL_9_6-GCC-Linux-RHEL_9_6-X86_64.7z
2026-02-16 19:41:57,372 - aqt.helper - INFO - helper 129062247448704 Redirected: qt.mirror.constant.com
2026-02-16 19:41:57,372 - aqt.helper - INFO - helper 133548486586496 Redirected: qt.mirror.constant.com
2026-02-16 19:41:57,381 - aqt.helper - DEBUG - helper 131855691526272 Asked to redirect(302) to: https://qt.mirror.constant.com/online/qtsdkrepository/linux_x64/desktop/qt6_6110/qt6_6110/qt.qt6.6110.linux_gcc_64/6.11.0-0-202601120541qtdeclarative-Linux-RHEL_9_6-GCC-Linux-RHEL_9_6-X86_64.7z
2026-02-16 19:41:57,381 - aqt.helper - INFO - helper 131855691526272 Redirected: qt.mirror.constant.com
2026-02-16 19:41:57,382 - aqt.helper - DEBUG - helper 126421874835584 Asked to redirect(302) to: https://qt.mirror.constant.com/online/qtsdkrepository/linux_x64/desktop/qt6_6110/qt6_6110/qt.qt6.6110.linux_gcc_64/6.11.0-0-202601120541qtsvg-Linux-RHEL_9_6-GCC-Linux-RHEL_9_6-X86_64.7z
2026-02-16 19:41:57,383 - aqt.helper - INFO - helper 126421874835584 Redirected: qt.mirror.constant.com
2026-02-16 19:41:58,391 - aqt.installer - INFO - installer 126421874835584 Finished installation of qtsvg-Linux-RHEL_9_6-GCC-Linux-RHEL_9_6-X86_64.7z in 2.01961667
2026-02-16 19:41:58,400 - aqt.helper - DEBUG - helper 126421874835584 Attempt to download checksum at https://download.qt.io/online/qtsdkrepository/linux_x64/desktop/qt6_6110/qt6_6110/qt.qt6.6110.linux_gcc_64/6.11.0-0-202601120541qttranslations-Linux-RHEL_9_6-GCC-Linux-RHEL_9_6-X86_64.7z.sha256
2026-02-16 19:41:59,103 - aqt.helper - INFO - helper 126421874835584 Downloading qttranslations...
2026-02-16 19:41:59,103 - aqt.installer - DEBUG - installer 126421874835584 Download URL: https://download.qt.io/online/qtsdkrepository/linux_x64/desktop/qt6_6110/qt6_6110/qt.qt6.6110.linux_gcc_64/6.11.0-0-202601120541qttranslations-Linux-RHEL_9_6-GCC-Linux-RHEL_9_6-X86_64.7z
2026-02-16 19:41:59,886 - aqt.helper - DEBUG - helper 126421874835584 Asked to redirect(302) to: https://qt.mirror.constant.com/online/qtsdkrepository/linux_x64/desktop/qt6_6110/qt6_6110/qt.qt6.6110.linux_gcc_64/6.11.0-0-202601120541qttranslations-Linux-RHEL_9_6-GCC-Linux-RHEL_9_6-X86_64.7z
2026-02-16 19:41:59,887 - aqt.helper - INFO - helper 126421874835584 Redirected: qt.mirror.constant.com
2026-02-16 19:42:01,544 - aqt.installer - INFO - installer 126421874835584 Finished installation of qttranslations-Linux-RHEL_9_6-GCC-Linux-RHEL_9_6-X86_64.7z in 3.14547402
2026-02-16 19:42:01,552 - aqt.helper - DEBUG - helper 126421874835584 Attempt to download checksum at https://download.qt.io/online/qtsdkrepository/linux_x64/desktop/qt6_6110/qt6_6110/qt.qt6.6110.linux_gcc_64/6.11.0-0-202601120541qtwayland-Linux-RHEL_9_6-GCC-Linux-RHEL_9_6-X86_64.7z.sha256
2026-02-16 19:42:02,211 - aqt.helper - INFO - helper 126421874835584 Downloading qtwayland...
2026-02-16 19:42:02,212 - aqt.installer - DEBUG - installer 126421874835584 Download URL: https://download.qt.io/online/qtsdkrepository/linux_x64/desktop/qt6_6110/qt6_6110/qt.qt6.6110.linux_gcc_64/6.11.0-0-202601120541qtwayland-Linux-RHEL_9_6-GCC-Linux-RHEL_9_6-X86_64.7z
2026-02-16 19:42:02,878 - aqt.helper - DEBUG - helper 126421874835584 Asked to redirect(302) to: https://qt.mirror.constant.com/online/qtsdkrepository/linux_x64/desktop/qt6_6110/qt6_6110/qt.qt6.6110.linux_gcc_64/6.11.0-0-202601120541qtwayland-Linux-RHEL_9_6-GCC-Linux-RHEL_9_6-X86_64.7z
2026-02-16 19:42:02,878 - aqt.helper - INFO - helper 126421874835584 Redirected: qt.mirror.constant.com
2026-02-16 19:42:03,320 - aqt.installer - INFO - installer 126421874835584 Finished installation of qtwayland-Linux-RHEL_9_6-GCC-Linux-RHEL_9_6-X86_64.7z in 1.76847542
2026-02-16 19:42:03,327 - aqt.helper - DEBUG - helper 126421874835584 Attempt to download checksum at https://download.qt.io/online/qtsdkrepository/linux_x64/desktop/qt6_6110/qt6_6110/qt.qt6.6110.linux_gcc_64/6.11.0-0-202601120541icu-linux-Rhel8.6-x86_64.7z.sha256
2026-02-16 19:42:04,042 - aqt.helper - INFO - helper 126421874835584 Downloading icu...
2026-02-16 19:42:04,042 - aqt.installer - DEBUG - installer 126421874835584 Download URL: https://download.qt.io/online/qtsdkrepository/linux_x64/desktop/qt6_6110/qt6_6110/qt.qt6.6110.linux_gcc_64/6.11.0-0-202601120541icu-linux-Rhel8.6-x86_64.7z
2026-02-16 19:42:04,541 - aqt.helper - DEBUG - helper 126421874835584 Asked to redirect(302) to: https://qt.mirror.constant.com/online/qtsdkrepository/linux_x64/desktop/qt6_6110/qt6_6110/qt.qt6.6110.linux_gcc_64/6.11.0-0-202601120541icu-linux-Rhel8.6-x86_64.7z
2026-02-16 19:42:04,541 - aqt.helper - INFO - helper 126421874835584 Redirected: qt.mirror.constant.com
2026-02-16 19:42:05,869 - aqt.installer - INFO - installer 129062247448704 Finished installation of qtbase-Linux-RHEL_9_6-GCC-Linux-RHEL_9_6-X86_64.7z in 9.49777869
2026-02-16 19:42:06,596 - aqt.installer - INFO - installer 133548486586496 Finished installation of qttools-Linux-RHEL_9_6-GCC-Linux-RHEL_9_6-X86_64.7z in 10.22310450
2026-02-16 19:42:07,169 - aqt.installer - INFO - installer 126421874835584 Finished installation of icu-linux-Rhel8.6-x86_64.7z in 3.84352418
2026-02-16 19:42:22,394 - aqt.installer - INFO - installer 131855691526272 Finished installation of qtdeclarative-Linux-RHEL_9_6-GCC-Linux-RHEL_9_6-X86_64.7z in 26.02022861
2026-02-16 19:42:22,510 - aqt.updater - INFO - updater 127627355213952 Patching /home/user/Documents/omnimanager/6.11.0/gcc_64/bin/qmake
2026-02-16 19:42:22,530 - aqt.updater - INFO - updater 127627355213952 Patching /home/user/Documents/omnimanager/6.11.0/gcc_64/lib/pkgconfig/Qt6QuickTest.pc
2026-02-16 19:42:22,531 - aqt.updater - INFO - updater 127627355213952 Patching /home/user/Documents/omnimanager/6.11.0/gcc_64/lib/pkgconfig/Qt6QmlIntegration.pc
2026-02-16 19:42:22,531 - aqt.updater - INFO - updater 127627355213952 Patching /home/user/Documents/omnimanager/6.11.0/gcc_64/lib/pkgconfig/Qt6LabsWavefrontMesh.pc
2026-02-16 19:42:22,531 - aqt.updater - INFO - updater 127627355213952 Patching /home/user/Documents/omnimanager/6.11.0/gcc_64/lib/pkgconfig/Qt6Widgets.pc
2026-02-16 19:42:22,536 - aqt.updater - INFO - updater 127627355213952 Patching /home/user/Documents/omnimanager/6.11.0/gcc_64/lib/pkgconfig/Qt6QuickDialogs2.pc
2026-02-16 19:42:22,537 - aqt.updater - INFO - updater 127627355213952 Patching /home/user/Documents/omnimanager/6.11.0/gcc_64/lib/pkgconfig/Qt6QuickControls2.pc
2026-02-16 19:42:22,537 - aqt.updater - INFO - updater 127627355213952 Patching /home/user/Documents/omnimanager/6.11.0/gcc_64/lib/pkgconfig/Qt6Xml.pc
2026-02-16 19:42:22,543 - aqt.updater - INFO - updater 127627355213952 Patching /home/user/Documents/omnimanager/6.11.0/gcc_64/lib/pkgconfig/Qt6LabsSynchronizer.pc
2026-02-16 19:42:22,544 - aqt.updater - INFO - updater 127627355213952 Patching /home/user/Documents/omnimanager/6.11.0/gcc_64/lib/pkgconfig/Qt6QuickControls2FusionStyleImpl.pc
2026-02-16 19:42:22,544 - aqt.updater - INFO - updater 127627355213952 Patching /home/user/Documents/omnimanager/6.11.0/gcc_64/lib/pkgconfig/Qt6Network.pc
2026-02-16 19:42:22,549 - aqt.updater - INFO - updater 127627355213952 Patching /home/user/Documents/omnimanager/6.11.0/gcc_64/lib/pkgconfig/Qt6LabsQmlModels.pc
2026-02-16 19:42:22,549 - aqt.updater - INFO - updater 127627355213952 Patching /home/user/Documents/omnimanager/6.11.0/gcc_64/lib/pkgconfig/Qt6QuickShapes.pc
2026-02-16 19:42:22,549 - aqt.updater - INFO - updater 127627355213952 Patching /home/user/Documents/omnimanager/6.11.0/gcc_64/lib/pkgconfig/Qt6QmlCompiler.pc
2026-02-16 19:42:22,549 - aqt.updater - INFO - updater 127627355213952 Patching /home/user/Documents/omnimanager/6.11.0/gcc_64/lib/pkgconfig/Qt6QuickTemplates2.pc
2026-02-16 19:42:22,550 - aqt.updater - INFO - updater 127627355213952 Patching /home/user/Documents/omnimanager/6.11.0/gcc_64/lib/pkgconfig/Qt6Test.pc
2026-02-16 19:42:22,552 - aqt.updater - INFO - updater 127627355213952 Patching /home/user/Documents/omnimanager/6.11.0/gcc_64/lib/pkgconfig/Qt6QuickControls2MaterialStyleImpl.pc
2026-02-16 19:42:22,552 - aqt.updater - INFO - updater 127627355213952 Patching /home/user/Documents/omnimanager/6.11.0/gcc_64/lib/pkgconfig/Qt6LabsAnimation.pc
2026-02-16 19:42:22,552 - aqt.updater - INFO - updater 127627355213952 Patching /home/user/Documents/omnimanager/6.11.0/gcc_64/lib/pkgconfig/Qt6QuickControls2Universal.pc
2026-02-16 19:42:22,552 - aqt.updater - INFO - updater 127627355213952 Patching /home/user/Documents/omnimanager/6.11.0/gcc_64/lib/pkgconfig/Qt6QuickControls2Material.pc
2026-02-16 19:42:22,552 - aqt.updater - INFO - updater 127627355213952 Patching /home/user/Documents/omnimanager/6.11.0/gcc_64/lib/pkgconfig/Qt6PrintSupport.pc
2026-02-16 19:42:22,553 - aqt.updater - INFO - updater 127627355213952 Patching /home/user/Documents/omnimanager/6.11.0/gcc_64/lib/pkgconfig/Qt6QmlWorkerScript.pc
2026-02-16 19:42:22,553 - aqt.updater - INFO - updater 127627355213952 Patching /home/user/Documents/omnimanager/6.11.0/gcc_64/lib/pkgconfig/Qt6UiPlugin.pc
2026-02-16 19:42:22,557 - aqt.updater - INFO - updater 127627355213952 Patching /home/user/Documents/omnimanager/6.11.0/gcc_64/lib/pkgconfig/Qt6QtQuickStyleKitImpl.pc
2026-02-16 19:42:22,557 - aqt.updater - INFO - updater 127627355213952 Patching /home/user/Documents/omnimanager/6.11.0/gcc_64/lib/pkgconfig/Qt6Core.pc
2026-02-16 19:42:22,557 - aqt.updater - INFO - updater 127627355213952 Patching /home/user/Documents/omnimanager/6.11.0/gcc_64/lib/pkgconfig/Qt6QuickControls2UniversalStyleImpl.pc
2026-02-16 19:42:22,557 - aqt.updater - INFO - updater 127627355213952 Patching /home/user/Documents/omnimanager/6.11.0/gcc_64/lib/pkgconfig/Qt6LabsSharedImage.pc
2026-02-16 19:42:22,557 - aqt.updater - INFO - updater 127627355213952 Patching /home/user/Documents/omnimanager/6.11.0/gcc_64/lib/pkgconfig/Qt6QmlLocalStorage.pc
2026-02-16 19:42:22,558 - aqt.updater - INFO - updater 127627355213952 Patching /home/user/Documents/omnimanager/6.11.0/gcc_64/lib/pkgconfig/Qt6QuickWidgets.pc
2026-02-16 19:42:22,558 - aqt.updater - INFO - updater 127627355213952 Patching /home/user/Documents/omnimanager/6.11.0/gcc_64/lib/pkgconfig/Qt6Help.pc
2026-02-16 19:42:22,559 - aqt.updater - INFO - updater 127627355213952 Patching /home/user/Documents/omnimanager/6.11.0/gcc_64/lib/pkgconfig/Qt6OpenGLWidgets.pc
2026-02-16 19:42:22,561 - aqt.updater - INFO - updater 127627355213952 Patching /home/user/Documents/omnimanager/6.11.0/gcc_64/lib/pkgconfig/Qt6Quick.pc
2026-02-16 19:42:22,561 - aqt.updater - INFO - updater 127627355213952 Patching /home/user/Documents/omnimanager/6.11.0/gcc_64/lib/pkgconfig/Qt6QuickControls2Fusion.pc
2026-02-16 19:42:22,561 - aqt.updater - INFO - updater 127627355213952 Patching /home/user/Documents/omnimanager/6.11.0/gcc_64/lib/pkgconfig/Qt6Concurrent.pc
2026-02-16 19:42:22,565 - aqt.updater - INFO - updater 127627355213952 Patching /home/user/Documents/omnimanager/6.11.0/gcc_64/lib/pkgconfig/Qt6QuickControls2Impl.pc
2026-02-16 19:42:22,565 - aqt.updater - INFO - updater 127627355213952 Patching /home/user/Documents/omnimanager/6.11.0/gcc_64/lib/pkgconfig/Qt6QmlCore.pc
2026-02-16 19:42:22,565 - aqt.updater - INFO - updater 127627355213952 Patching /home/user/Documents/omnimanager/6.11.0/gcc_64/lib/pkgconfig/Qt6Sql.pc
2026-02-16 19:42:22,567 - aqt.updater - INFO - updater 127627355213952 Patching /home/user/Documents/omnimanager/6.11.0/gcc_64/lib/pkgconfig/Qt6QuickVectorImageHelpers.pc
2026-02-16 19:42:22,567 - aqt.updater - INFO - updater 127627355213952 Patching /home/user/Documents/omnimanager/6.11.0/gcc_64/lib/pkgconfig/Qt6QuickControls2ImagineStyleImpl.pc
2026-02-16 19:42:22,567 - aqt.updater - INFO - updater 127627355213952 Patching /home/user/Documents/omnimanager/6.11.0/gcc_64/lib/pkgconfig/Qt6QmlNetwork.pc
2026-02-16 19:42:22,567 - aqt.updater - INFO - updater 127627355213952 Patching /home/user/Documents/omnimanager/6.11.0/gcc_64/lib/pkgconfig/Qt6QuickControls2FluentWinUI3StyleImpl.pc
2026-02-16 19:42:22,568 - aqt.updater - INFO - updater 127627355213952 Patching /home/user/Documents/omnimanager/6.11.0/gcc_64/lib/pkgconfig/Qt6QuickControls2BasicStyleImpl.pc
2026-02-16 19:42:22,568 - aqt.updater - INFO - updater 127627355213952 Patching /home/user/Documents/omnimanager/6.11.0/gcc_64/lib/pkgconfig/Qt6QuickDialogs2QuickImpl.pc
2026-02-16 19:42:22,568 - aqt.updater - INFO - updater 127627355213952 Patching /home/user/Documents/omnimanager/6.11.0/gcc_64/lib/pkgconfig/Qt6Qml.pc
2026-02-16 19:42:22,568 - aqt.updater - INFO - updater 127627355213952 Patching /home/user/Documents/omnimanager/6.11.0/gcc_64/lib/pkgconfig/Qt6OpenGL.pc
2026-02-16 19:42:22,569 - aqt.updater - INFO - updater 127627355213952 Patching /home/user/Documents/omnimanager/6.11.0/gcc_64/lib/pkgconfig/Qt6QmlModels.pc
2026-02-16 19:42:22,569 - aqt.updater - INFO - updater 127627355213952 Patching /home/user/Documents/omnimanager/6.11.0/gcc_64/lib/pkgconfig/Qt6QmlMeta.pc
2026-02-16 19:42:22,569 - aqt.updater - INFO - updater 127627355213952 Patching /home/user/Documents/omnimanager/6.11.0/gcc_64/lib/pkgconfig/Qt6Svg.pc
2026-02-16 19:42:22,575 - aqt.updater - INFO - updater 127627355213952 Patching /home/user/Documents/omnimanager/6.11.0/gcc_64/lib/pkgconfig/Qt6QmlXmlListModel.pc
2026-02-16 19:42:22,575 - aqt.updater - INFO - updater 127627355213952 Patching /home/user/Documents/omnimanager/6.11.0/gcc_64/lib/pkgconfig/Qt6LabsSettings.pc
2026-02-16 19:42:22,575 - aqt.updater - INFO - updater 127627355213952 Patching /home/user/Documents/omnimanager/6.11.0/gcc_64/lib/pkgconfig/Qt6SvgWidgets.pc
2026-02-16 19:42:22,577 - aqt.updater - INFO - updater 127627355213952 Patching /home/user/Documents/omnimanager/6.11.0/gcc_64/lib/pkgconfig/Qt6QuickControls2Imagine.pc
2026-02-16 19:42:22,577 - aqt.updater - INFO - updater 127627355213952 Patching /home/user/Documents/omnimanager/6.11.0/gcc_64/lib/pkgconfig/Qt6QuickDialogs2Utils.pc
2026-02-16 19:42:22,577 - aqt.updater - INFO - updater 127627355213952 Patching /home/user/Documents/omnimanager/6.11.0/gcc_64/lib/pkgconfig/Qt6DBus.pc
2026-02-16 19:42:22,582 - aqt.updater - INFO - updater 127627355213952 Patching /home/user/Documents/omnimanager/6.11.0/gcc_64/lib/pkgconfig/Qt6LabsFolderListModel.pc
2026-02-16 19:42:22,582 - aqt.updater - INFO - updater 127627355213952 Patching /home/user/Documents/omnimanager/6.11.0/gcc_64/lib/pkgconfig/Qt6Designer.pc
2026-02-16 19:42:22,584 - aqt.updater - INFO - updater 127627355213952 Patching /home/user/Documents/omnimanager/6.11.0/gcc_64/lib/pkgconfig/Qt6WaylandClient.pc
2026-02-16 19:42:22,588 - aqt.updater - INFO - updater 127627355213952 Patching /home/user/Documents/omnimanager/6.11.0/gcc_64/lib/pkgconfig/Qt6Gui.pc
2026-02-16 19:42:22,593 - aqt.updater - INFO - updater 127627355213952 Patching /home/user/Documents/omnimanager/6.11.0/gcc_64/lib/pkgconfig/Qt6QuickControls2Basic.pc
2026-02-16 19:42:22,593 - aqt.updater - INFO - updater 127627355213952 Patching /home/user/Documents/omnimanager/6.11.0/gcc_64/lib/pkgconfig/Qt6LabsPlatform.pc
2026-02-16 19:42:22,593 - aqt.updater - INFO - updater 127627355213952 Patching /home/user/Documents/omnimanager/6.11.0/gcc_64/lib/pkgconfig/Qt6QuickLayouts.pc
2026-02-16 19:42:22,593 - aqt.updater - INFO - updater 127627355213952 Patching /home/user/Documents/omnimanager/6.11.0/gcc_64/lib/pkgconfig/Qt6Linguist.pc
2026-02-16 19:42:22,593 - aqt.updater - INFO - updater 127627355213952 Patching /home/user/Documents/omnimanager/6.11.0/gcc_64/lib/pkgconfig/Qt6QuickVectorImage.pc
2026-02-16 19:42:22,593 - aqt.updater - INFO - updater 127627355213952 Patching /home/user/Documents/omnimanager/6.11.0/gcc_64/lib/pkgconfig/Qt6Platform.pc
2026-02-16 19:42:22,596 - aqt.updater - INFO - updater 127627355213952 Patching /home/user/Documents/omnimanager/6.11.0/gcc_64/lib/pkgconfig/Qt6QtQuickStyleKit.pc
2026-02-16 19:42:22,596 - aqt.updater - INFO - updater 127627355213952 Patching /home/user/Documents/omnimanager/6.11.0/gcc_64/lib/pkgconfig/Qt6QuickEffects.pc
2026-02-16 19:42:22,596 - aqt.updater - INFO - updater 127627355213952 Patching /home/user/Documents/omnimanager/6.11.0/gcc_64/lib/pkgconfig/Qt6UiTools.pc
2026-02-16 19:42:22,603 - aqt.updater - INFO - updater 127627355213952 Patching /home/user/Documents/omnimanager/6.11.0/gcc_64/lib/libQt6LabsSettings.prl
2026-02-16 19:42:22,603 - aqt.updater - INFO - updater 127627355213952 Patching /home/user/Documents/omnimanager/6.11.0/gcc_64/lib/libQt6Test.prl
2026-02-16 19:42:22,603 - aqt.updater - INFO - updater 127627355213952 Patching /home/user/Documents/omnimanager/6.11.0/gcc_64/lib/libQt6QuickTestUtils.prl
2026-02-16 19:42:22,603 - aqt.updater - INFO - updater 127627355213952 Patching /home/user/Documents/omnimanager/6.11.0/gcc_64/lib/libQt6QuickControls2Impl.prl
2026-02-16 19:42:22,603 - aqt.updater - INFO - updater 127627355213952 Patching /home/user/Documents/omnimanager/6.11.0/gcc_64/lib/libQt6Core.prl
2026-02-16 19:42:22,604 - aqt.updater - INFO - updater 127627355213952 Patching /home/user/Documents/omnimanager/6.11.0/gcc_64/lib/libQt6QmlDebug.prl
2026-02-16 19:42:22,604 - aqt.updater - INFO - updater 127627355213952 Patching /home/user/Documents/omnimanager/6.11.0/gcc_64/lib/libQt6QuickControls2Universal.prl
2026-02-16 19:42:22,604 - aqt.updater - INFO - updater 127627355213952 Patching /home/user/Documents/omnimanager/6.11.0/gcc_64/lib/libQt6QmlMeta.prl
2026-02-16 19:42:22,604 - aqt.updater - INFO - updater 127627355213952 Patching /home/user/Documents/omnimanager/6.11.0/gcc_64/lib/libQt6QmlLS.prl
2026-02-16 19:42:22,604 - aqt.updater - INFO - updater 127627355213952 Patching /home/user/Documents/omnimanager/6.11.0/gcc_64/lib/libQt6Network.prl
2026-02-16 19:42:22,604 - aqt.updater - INFO - updater 127627355213952 Patching /home/user/Documents/omnimanager/6.11.0/gcc_64/lib/libQt6QuickDialogs2Utils.prl
2026-02-16 19:42:22,604 - aqt.updater - INFO - updater 127627355213952 Patching /home/user/Documents/omnimanager/6.11.0/gcc_64/lib/libQt6QuickWidgets.prl
2026-02-16 19:42:22,604 - aqt.updater - INFO - updater 127627355213952 Patching /home/user/Documents/omnimanager/6.11.0/gcc_64/lib/libQt6QmlCompiler.prl
2026-02-16 19:42:22,604 - aqt.updater - INFO - updater 127627355213952 Patching /home/user/Documents/omnimanager/6.11.0/gcc_64/lib/libQt6QmlLocalStorage.prl
2026-02-16 19:42:22,605 - aqt.updater - INFO - updater 127627355213952 Patching /home/user/Documents/omnimanager/6.11.0/gcc_64/lib/libQt6LabsWavefrontMesh.prl
2026-02-16 19:42:22,605 - aqt.updater - INFO - updater 127627355213952 Patching /home/user/Documents/omnimanager/6.11.0/gcc_64/lib/libQt6QuickControls2FluentWinUI3StyleImpl.prl
2026-02-16 19:42:22,605 - aqt.updater - INFO - updater 127627355213952 Patching /home/user/Documents/omnimanager/6.11.0/gcc_64/lib/libQt6QmlWorkerScript.prl
2026-02-16 19:42:22,605 - aqt.updater - INFO - updater 127627355213952 Patching /home/user/Documents/omnimanager/6.11.0/gcc_64/lib/libQt6QuickControls2Material.prl
2026-02-16 19:42:22,605 - aqt.updater - INFO - updater 127627355213952 Patching /home/user/Documents/omnimanager/6.11.0/gcc_64/lib/libQt6QuickControlsTestUtils.prl
2026-02-16 19:42:22,605 - aqt.updater - INFO - updater 127627355213952 Patching /home/user/Documents/omnimanager/6.11.0/gcc_64/lib/libQt6QuickControls2BasicStyleImpl.prl
2026-02-16 19:42:22,605 - aqt.updater - INFO - updater 127627355213952 Patching /home/user/Documents/omnimanager/6.11.0/gcc_64/lib/libQt6FbSupport.prl
2026-02-16 19:42:22,607 - aqt.updater - INFO - updater 127627355213952 Patching /home/user/Documents/omnimanager/6.11.0/gcc_64/lib/libQt6EglFSDeviceIntegration.prl
2026-02-16 19:42:22,613 - aqt.updater - INFO - updater 127627355213952 Patching /home/user/Documents/omnimanager/6.11.0/gcc_64/lib/libQt6QmlXmlListModel.prl
2026-02-16 19:42:22,613 - aqt.updater - INFO - updater 127627355213952 Patching /home/user/Documents/omnimanager/6.11.0/gcc_64/lib/libQt6QmlNetwork.prl
2026-02-16 19:42:22,613 - aqt.updater - INFO - updater 127627355213952 Patching /home/user/Documents/omnimanager/6.11.0/gcc_64/lib/libQt6QmlCore.prl
2026-02-16 19:42:22,613 - aqt.updater - INFO - updater 127627355213952 Patching /home/user/Documents/omnimanager/6.11.0/gcc_64/lib/libQt6QuickControls2.prl
2026-02-16 19:42:22,613 - aqt.updater - INFO - updater 127627355213952 Patching /home/user/Documents/omnimanager/6.11.0/gcc_64/lib/libQt6QuickShapes.prl
2026-02-16 19:42:22,614 - aqt.updater - INFO - updater 127627355213952 Patching /home/user/Documents/omnimanager/6.11.0/gcc_64/lib/libQt6DBus.prl
2026-02-16 19:42:22,619 - aqt.updater - INFO - updater 127627355213952 Patching /home/user/Documents/omnimanager/6.11.0/gcc_64/lib/libQt6DesignerComponents.prl
2026-02-16 19:42:22,620 - aqt.updater - INFO - updater 127627355213952 Patching /home/user/Documents/omnimanager/6.11.0/gcc_64/lib/libQt6QuickVectorImageGenerator.prl
2026-02-16 19:42:22,620 - aqt.updater - INFO - updater 127627355213952 Patching /home/user/Documents/omnimanager/6.11.0/gcc_64/lib/libQt6EglFsKmsSupport.prl
2026-02-16 19:42:22,626 - aqt.updater - INFO - updater 127627355213952 Patching /home/user/Documents/omnimanager/6.11.0/gcc_64/lib/libQt6Help.prl
2026-02-16 19:42:22,627 - aqt.updater - INFO - updater 127627355213952 Patching /home/user/Documents/omnimanager/6.11.0/gcc_64/lib/libQt6Gui.prl
2026-02-16 19:42:22,633 - aqt.updater - INFO - updater 127627355213952 Patching /home/user/Documents/omnimanager/6.11.0/gcc_64/lib/libQt6QuickDialogs2QuickImpl.prl
2026-02-16 19:42:22,634 - aqt.updater - INFO - updater 127627355213952 Patching /home/user/Documents/omnimanager/6.11.0/gcc_64/lib/libQt6DeviceDiscoverySupport.prl
2026-02-16 19:42:22,634 - aqt.updater - INFO - updater 127627355213952 Patching /home/user/Documents/omnimanager/6.11.0/gcc_64/lib/libQt6Quick.prl
2026-02-16 19:42:22,634 - aqt.updater - INFO - updater 127627355213952 Patching /home/user/Documents/omnimanager/6.11.0/gcc_64/lib/libQt6XcbQpa.prl
2026-02-16 19:42:22,634 - aqt.updater - INFO - updater 127627355213952 Patching /home/user/Documents/omnimanager/6.11.0/gcc_64/lib/libQt6QuickEffects.prl
2026-02-16 19:42:22,634 - aqt.updater - INFO - updater 127627355213952 Patching /home/user/Documents/omnimanager/6.11.0/gcc_64/lib/libQt6QuickControls2MaterialStyleImpl.prl
2026-02-16 19:42:22,634 - aqt.updater - INFO - updater 127627355213952 Patching /home/user/Documents/omnimanager/6.11.0/gcc_64/lib/libQt6QuickControls2FusionStyleImpl.prl
2026-02-16 19:42:22,634 - aqt.updater - INFO - updater 127627355213952 Patching /home/user/Documents/omnimanager/6.11.0/gcc_64/lib/libQt6LabsPlatform.prl
2026-02-16 19:42:22,634 - aqt.updater - INFO - updater 127627355213952 Patching /home/user/Documents/omnimanager/6.11.0/gcc_64/lib/libQt6OpenGLWidgets.prl
2026-02-16 19:42:22,636 - aqt.updater - INFO - updater 127627355213952 Patching /home/user/Documents/omnimanager/6.11.0/gcc_64/lib/libQt6LabsQmlModels.prl
2026-02-16 19:42:22,636 - aqt.updater - INFO - updater 127627355213952 Patching /home/user/Documents/omnimanager/6.11.0/gcc_64/lib/libQt6QmlDom.prl
2026-02-16 19:42:22,636 - aqt.updater - INFO - updater 127627355213952 Patching /home/user/Documents/omnimanager/6.11.0/gcc_64/lib/libQt6QuickControls2Basic.prl
2026-02-16 19:42:22,636 - aqt.updater - INFO - updater 127627355213952 Patching /home/user/Documents/omnimanager/6.11.0/gcc_64/lib/libQt6QmlModels.prl
2026-02-16 19:42:22,636 - aqt.updater - INFO - updater 127627355213952 Patching /home/user/Documents/omnimanager/6.11.0/gcc_64/lib/libQt6QuickTemplates2.prl
2026-02-16 19:42:22,636 - aqt.updater - INFO - updater 127627355213952 Patching /home/user/Documents/omnimanager/6.11.0/gcc_64/lib/libQt6QtQuickStyleKit.prl
2026-02-16 19:42:22,637 - aqt.updater - INFO - updater 127627355213952 Patching /home/user/Documents/omnimanager/6.11.0/gcc_64/lib/libQt6QuickTest.prl
2026-02-16 19:42:22,637 - aqt.updater - INFO - updater 127627355213952 Patching /home/user/Documents/omnimanager/6.11.0/gcc_64/lib/libQt6QtQuickStyleKitImpl.prl
2026-02-16 19:42:22,637 - aqt.updater - INFO - updater 127627355213952 Patching /home/user/Documents/omnimanager/6.11.0/gcc_64/lib/libQt6Xml.prl
2026-02-16 19:42:22,643 - aqt.updater - INFO - updater 127627355213952 Patching /home/user/Documents/omnimanager/6.11.0/gcc_64/lib/libQt6QuickControls2Imagine.prl
2026-02-16 19:42:22,643 - aqt.updater - INFO - updater 127627355213952 Patching /home/user/Documents/omnimanager/6.11.0/gcc_64/lib/libQt6QuickVectorImage.prl
2026-02-16 19:42:22,643 - aqt.updater - INFO - updater 127627355213952 Patching /home/user/Documents/omnimanager/6.11.0/gcc_64/lib/libQt6WaylandClient.prl
2026-02-16 19:42:22,643 - aqt.updater - INFO - updater 127627355213952 Patching /home/user/Documents/omnimanager/6.11.0/gcc_64/lib/libQt6EglFsKmsGbmSupport.prl
2026-02-16 19:42:22,643 - aqt.updater - INFO - updater 127627355213952 Patching /home/user/Documents/omnimanager/6.11.0/gcc_64/lib/libQt6UiTools.prl
2026-02-16 19:42:22,646 - aqt.updater - INFO - updater 127627355213952 Patching /home/user/Documents/omnimanager/6.11.0/gcc_64/lib/libQt6OpenGL.prl
2026-02-16 19:42:22,646 - aqt.updater - INFO - updater 127627355213952 Patching /home/user/Documents/omnimanager/6.11.0/gcc_64/lib/libQt6Svg.prl
2026-02-16 19:42:22,652 - aqt.updater - INFO - updater 127627355213952 Patching /home/user/Documents/omnimanager/6.11.0/gcc_64/lib/libQt6Sql.prl
2026-02-16 19:42:22,653 - aqt.updater - INFO - updater 127627355213952 Patching /home/user/Documents/omnimanager/6.11.0/gcc_64/lib/libQt6Widgets.prl
2026-02-16 19:42:22,655 - aqt.updater - INFO - updater 127627355213952 Patching /home/user/Documents/omnimanager/6.11.0/gcc_64/lib/libQt6QuickParticles.prl
2026-02-16 19:42:22,655 - aqt.updater - INFO - updater 127627355213952 Patching /home/user/Documents/omnimanager/6.11.0/gcc_64/lib/libQt6LabsAnimation.prl
2026-02-16 19:42:22,655 - aqt.updater - INFO - updater 127627355213952 Patching /home/user/Documents/omnimanager/6.11.0/gcc_64/lib/libQt6QuickDialogs2.prl
2026-02-16 19:42:22,655 - aqt.updater - INFO - updater 127627355213952 Patching /home/user/Documents/omnimanager/6.11.0/gcc_64/lib/libQt6LabsSynchronizer.prl
2026-02-16 19:42:22,655 - aqt.updater - INFO - updater 127627355213952 Patching /home/user/Documents/omnimanager/6.11.0/gcc_64/lib/libQt6LabsFolderListModel.prl
2026-02-16 19:42:22,655 - aqt.updater - INFO - updater 127627355213952 Patching /home/user/Documents/omnimanager/6.11.0/gcc_64/lib/libQt6PacketProtocol.prl
2026-02-16 19:42:22,656 - aqt.updater - INFO - updater 127627355213952 Patching /home/user/Documents/omnimanager/6.11.0/gcc_64/lib/libQt6KmsSupport.prl
2026-02-16 19:42:22,656 - aqt.updater - INFO - updater 127627355213952 Patching /home/user/Documents/omnimanager/6.11.0/gcc_64/lib/libQt6QuickShapesDesignHelpers.prl
2026-02-16 19:42:22,656 - aqt.updater - INFO - updater 127627355213952 Patching /home/user/Documents/omnimanager/6.11.0/gcc_64/lib/libQt6QuickLayouts.prl
2026-02-16 19:42:22,656 - aqt.updater - INFO - updater 127627355213952 Patching /home/user/Documents/omnimanager/6.11.0/gcc_64/lib/libQt6SvgWidgets.prl
2026-02-16 19:42:22,656 - aqt.updater - INFO - updater 127627355213952 Patching /home/user/Documents/omnimanager/6.11.0/gcc_64/lib/libQt6QuickVectorImageHelpers.prl
2026-02-16 19:42:22,656 - aqt.updater - INFO - updater 127627355213952 Patching /home/user/Documents/omnimanager/6.11.0/gcc_64/lib/libQt6WlShellIntegration.prl
2026-02-16 19:42:22,656 - aqt.updater - INFO - updater 127627355213952 Patching /home/user/Documents/omnimanager/6.11.0/gcc_64/lib/libQt6LabsSharedImage.prl
2026-02-16 19:42:22,657 - aqt.updater - INFO - updater 127627355213952 Patching /home/user/Documents/omnimanager/6.11.0/gcc_64/lib/libQt6Designer.prl
2026-02-16 19:42:22,657 - aqt.updater - INFO - updater 127627355213952 Patching /home/user/Documents/omnimanager/6.11.0/gcc_64/lib/libQt6Concurrent.prl
2026-02-16 19:42:22,659 - aqt.updater - INFO - updater 127627355213952 Patching /home/user/Documents/omnimanager/6.11.0/gcc_64/lib/libQt6QmlToolingSettings.prl
2026-02-16 19:42:22,659 - aqt.updater - INFO - updater 127627355213952 Patching /home/user/Documents/omnimanager/6.11.0/gcc_64/lib/libQt6QmlTypeRegistrar.prl
2026-02-16 19:42:22,659 - aqt.updater - INFO - updater 127627355213952 Patching /home/user/Documents/omnimanager/6.11.0/gcc_64/lib/libQt6PrintSupport.prl
2026-02-16 19:42:22,659 - aqt.updater - INFO - updater 127627355213952 Patching /home/user/Documents/omnimanager/6.11.0/gcc_64/lib/libQt6Qml.prl
2026-02-16 19:42:22,659 - aqt.updater - INFO - updater 127627355213952 Patching /home/user/Documents/omnimanager/6.11.0/gcc_64/lib/libQt6QuickControls2Fusion.prl
2026-02-16 19:42:22,659 - aqt.updater - INFO - updater 127627355213952 Patching /home/user/Documents/omnimanager/6.11.0/gcc_64/lib/libQt6QuickControls2UniversalStyleImpl.prl
2026-02-16 19:42:22,659 - aqt.updater - INFO - updater 127627355213952 Patching /home/user/Documents/omnimanager/6.11.0/gcc_64/lib/libQt6QuickControls2ImagineStyleImpl.prl
2026-02-16 19:42:22,660 - aqt.updater - INFO - updater 127627355213952 Patching /home/user/Documents/omnimanager/6.11.0/gcc_64/lib/libQt6QmlFormat.prl
2026-02-16 19:42:22,660 - aqt.updater - INFO - updater 127627355213952 Patching /home/user/Documents/omnimanager/6.11.0/gcc_64/lib/libQt6InputSupport.prl
2026-02-16 19:42:22,660 - aqt.main - INFO - installer 127627355213952 Finished installation
2026-02-16 19:42:22,660 - aqt.main - INFO - installer 127627355213952 Time elapsed: 29.51174463 second
